<?xml version="1.0" encoding="UTF-8"?>
<testng-results ignored="0" total="1" passed="1" failed="0" skipped="0">
  <reporter-output>
  </reporter-output>
  <suite started-at="2023-08-22T07:54:35 IST" name="Default suite" finished-at="2023-08-22T07:54:35 IST" duration-ms="191">
    <groups>
    </groups>
    <test started-at="2023-08-22T07:54:35 IST" name="Default test" finished-at="2023-08-22T07:54:35 IST" duration-ms="191">
      <class name="new_run.java_run">
        <test-method signature="run()[pri:0, instance:new_run.java_run@51f116b8]" started-at="2023-08-22T07:54:35 IST" name="run" finished-at="2023-08-22T07:54:35 IST" duration-ms="18" status="PASS">
          <reporter-output>
          </reporter-output>
        </test-method> <!-- run -->
      </class> <!-- new_run.java_run -->
    </test> <!-- Default test -->
  </suite> <!-- Default suite -->
</testng-results>
